default 1
timeout 10

title Pong
  kernel /bin/x86_586/bootstrap
  modaddr 0x02000000
  module /bin/fiasco -serial_esc -jdb_cmd=JS
  module /bin/x86_586/l4f/sigma0
  module /bin/x86_586/l4f/moe rom/cfg.pong
  module /bin/x86_586/l4f/l4re
  module /bin/x86_586/l4f/pong-server
  module /bin/x86_586/l4f/pong-client
  module /conf/cfg.pong
  vbeset 0x117

title Mein Pong
  kernel /bin/x86_586/bootstrap
  modaddr 0x02000000
  module /bin/fiasco -serial_esc -jdb_cmd=JS
  module /bin/x86_586/l4f/sigma0
  module /bin/x86_586/l4f/moe rom/kpr.cfg
  module /bin/x86_586/l4f/l4re
	module /bin/x86_586/l4f/loader
	module /bin/x86_586/l4f/console
	module /bin/x86_586/l4f/fb_muxer
	module /bin/x86_586/l4f/log2console
	module /bin/x86_586/l4f/kbd
	module /bin/x86_586/l4f/paddle
  module /bin/x86_586/l4f/pong-server
  module /bin/x86_586/l4f/pong-client
  module /conf/kpr.cfg
	module /conf/kpr_console.cfg
	module /conf/kpr_pong.cfg
  vbeset 0x118

title Client-Server
  kernel /bin/x86_586/bootstrap
  modaddr 0x02000000
  module /bin/fiasco -serial_esc -jdb_cmd=JS
  module /bin/x86_586/l4f/sigma0
  module /bin/x86_586/l4f/moe rom/cfg.client-server
  module /bin/x86_586/l4f/l4re
  module /bin/x86_586/l4f/ex_clntsrv-server
  module /bin/x86_586/l4f/ex_clntsrv-client
  module /conf/cfg.client-server

title Hello-IPC
  kernel /bin/x86_586/bootstrap
  modaddr 0x02000000
  module /bin/fiasco -serial_esc -jdb_cmd=JS
  module /bin/x86_586/l4f/sigma0
  module /bin/x86_586/l4f/moe rom/cfg.moe
  module /bin/x86_586/l4f/l4re
  module /bin/x86_586/l4f/loader rom/cfg.loader
  module /bin/x86_586/l4f/hello_client
  module /bin/x86_586/l4f/hello_server
  module /conf/cfg.moe
  module /conf/cfg.loader

title Console
  kernel /bin/x86_586/bootstrap
  modaddr 0x2000000
  module /bin/fiasco -serial_esc -jdb_cmd=JS
  module /bin/x86_586/l4f/sigma0
  module /bin/x86_586/l4f/moe rom/console.cfg
  module /bin/x86_586/l4f/l4re
	module /bin/x86_586/l4f/loader
  module /bin/x86_586/l4f/console
	module /bin/x86_586/l4f/console_client
  module /bin/x86_586/l4f/kbd
  module /conf/console.cfg
	module /conf/console_client.cfg
	module /conf/kbd.cfg
  vbeset 0x117

title Keyboard-Test
	kernel /bin/x86_586/bootstrap
  modaddr 0x2000000
  module /bin/fiasco -serial_esc -jdb_cmd=JS
  module /bin/x86_586/l4f/sigma0
  module /bin/x86_586/l4f/moe rom/kbd.cfg
  module /bin/x86_586/l4f/l4re
  module /bin/x86_586/l4f/kbd
  module /conf/kbd.cfg

title SemTest
	kernel /bin/x86_586/bootstrap
	modaddr 0x2000000
	module /bin/fiasco -serial_esc -jdb_cmd=JS
	module /bin/x86_586/l4f/sigma0
	module /bin/x86_586/l4f/moe rom/sem_test.cfg
	module /bin/x86_586/l4f/l4re
	module /bin/x86_586/l4f/sem_test
	module /conf/sem_test.cfg

title Virtual framebuffer test
	kernel /bin/x86_586/bootstrap
	modaddr 0x2000000
	module /bin/fiasco -serial_esc -jdb_cmd=JS
	module /bin/x86_586/l4f/sigma0
	module /bin/x86_586/l4f/moe rom/test_fb_muxer.cfg
	module /bin/x86_586/l4f/l4re
	module /bin/x86_586/l4f/loader
	module /bin/x86_586/l4f/console
	module /bin/x86_586/l4f/fb_muxer
	module /bin/x86_586/l4f/test_switcher
	module /conf/test_fb_muxer.cfg
	module /conf/test_fb_muxer_loader.cfg
  vbeset 0x117

title Test recursive loader invocation
	kernel /bin/x86_586/bootstrap
	modaddr 0x2000000
	module /bin/fiasco -serial_esc -jdb_cmd=JS
	module /bin/x86_586/l4f/sigma0
	module /bin/x86_586/l4f/moe rom/loader_recursion01.cfg
	module /bin/x86_586/l4f/l4re
	module /bin/x86_586/l4f/loader
	module /bin/x86_586/l4f/fb_muxer
	module /conf/loader_recursion01.cfg
	module /conf/loader_recursion02.cfg
	module /conf/loader_recursion03.cfg
  vbeset 0x117
